<?xml version="1.0" encoding="UTF-8"?>
<testsuite name="com.example.phonegenerator.PhoneControllerTests" tests="4" skipped="0" failures="0" errors="0" timestamp="2020-02-09T22:05:30" hostname="rooted" time="0.346">
  <properties/>
  <testcase name="invalidPhoneNumber()" classname="com.example.phonegenerator.PhoneControllerTests" time="0.262"/>
  <testcase name="validPhoneWithAreaCode()" classname="com.example.phonegenerator.PhoneControllerTests" time="0.064"/>
  <testcase name="noPhoneNumber()" classname="com.example.phonegenerator.PhoneControllerTests" time="0.006"/>
  <testcase name="validPhoneWithoutAreaCode()" classname="com.example.phonegenerator.PhoneControllerTests" time="0.01"/>
  <system-out><![CDATA[17:05:29.132 [Test worker] DEBUG org.springframework.test.context.BootstrapUtils - Instantiating CacheAwareContextLoaderDelegate from class [org.springframework.test.context.cache.DefaultCacheAwareContextLoaderDelegate]
17:05:29.144 [Test worker] DEBUG org.springframework.test.context.BootstrapUtils - Instantiating BootstrapContext using constructor [public org.springframework.test.context.support.DefaultBootstrapContext(java.lang.Class,org.springframework.test.context.CacheAwareContextLoaderDelegate)]
17:05:29.169 [Test worker] DEBUG org.springframework.test.context.BootstrapUtils - Instantiating TestContextBootstrapper for test class [com.example.phonegenerator.PhoneControllerTests] from class [org.springframework.boot.test.context.SpringBootTestContextBootstrapper]
17:05:29.181 [Test worker] INFO org.springframework.boot.test.context.SpringBootTestContextBootstrapper - Neither @ContextConfiguration nor @ContextHierarchy found for test class [com.example.phonegenerator.PhoneControllerTests], using SpringBootContextLoader
17:05:29.184 [Test worker] DEBUG org.springframework.test.context.support.AbstractContextLoader - Did not detect default resource location for test class [com.example.phonegenerator.PhoneControllerTests]: class path resource [com/example/phonegenerator/PhoneControllerTests-context.xml] does not exist
17:05:29.184 [Test worker] DEBUG org.springframework.test.context.support.AbstractContextLoader - Did not detect default resource location for test class [com.example.phonegenerator.PhoneControllerTests]: class path resource [com/example/phonegenerator/PhoneControllerTestsContext.groovy] does not exist
17:05:29.185 [Test worker] INFO org.springframework.test.context.support.AbstractContextLoader - Could not detect default resource locations for test class [com.example.phonegenerator.PhoneControllerTests]: no resource found for suffixes {-context.xml, Context.groovy}.
17:05:29.185 [Test worker] INFO org.springframework.test.context.support.AnnotationConfigContextLoaderUtils - Could not detect default configuration classes for test class [com.example.phonegenerator.PhoneControllerTests]: PhoneControllerTests does not declare any static, non-private, non-final, nested classes annotated with @Configuration.
17:05:29.219 [Test worker] DEBUG org.springframework.test.context.support.ActiveProfilesUtils - Could not find an 'annotation declaring class' for annotation type [org.springframework.test.context.ActiveProfiles] and class [com.example.phonegenerator.PhoneControllerTests]
17:05:29.276 [Test worker] DEBUG org.springframework.context.annotation.ClassPathScanningCandidateComponentProvider - Identified candidate component class: file [/home/rooted/gs-rest-service/complete/build/classes/java/main/com/example/phonegenerator/RestServiceApplication.class]
17:05:29.277 [Test worker] INFO org.springframework.boot.test.context.SpringBootTestContextBootstrapper - Found @SpringBootConfiguration com.example.phonegenerator.RestServiceApplication for test class com.example.phonegenerator.PhoneControllerTests
17:05:29.351 [Test worker] DEBUG org.springframework.boot.test.context.SpringBootTestContextBootstrapper - @TestExecutionListeners is not present for class [com.example.phonegenerator.PhoneControllerTests]: using defaults.
17:05:29.352 [Test worker] INFO org.springframework.boot.test.context.SpringBootTestContextBootstrapper - Loaded default TestExecutionListener class names from location [META-INF/spring.factories]: [org.springframework.boot.test.autoconfigure.restdocs.RestDocsTestExecutionListener, org.springframework.boot.test.autoconfigure.web.client.MockRestServiceServerResetTestExecutionListener, org.springframework.boot.test.autoconfigure.web.servlet.MockMvcPrintOnlyOnFailureTestExecutionListener, org.springframework.boot.test.autoconfigure.web.servlet.WebDriverTestExecutionListener, org.springframework.boot.test.mock.mockito.MockitoTestExecutionListener, org.springframework.boot.test.mock.mockito.ResetMocksTestExecutionListener, org.springframework.test.context.web.ServletTestExecutionListener, org.springframework.test.context.support.DirtiesContextBeforeModesTestExecutionListener, org.springframework.test.context.support.DependencyInjectionTestExecutionListener, org.springframework.test.context.support.DirtiesContextTestExecutionListener, org.springframework.test.context.transaction.TransactionalTestExecutionListener, org.springframework.test.context.jdbc.SqlScriptsTestExecutionListener, org.springframework.test.context.event.EventPublishingTestExecutionListener]
17:05:29.359 [Test worker] DEBUG org.springframework.boot.test.context.SpringBootTestContextBootstrapper - Skipping candidate TestExecutionListener [org.springframework.test.context.transaction.TransactionalTestExecutionListener] due to a missing dependency. Specify custom listener classes or make the default listener classes and their required dependencies available. Offending class: [org/springframework/transaction/TransactionDefinition]
17:05:29.359 [Test worker] DEBUG org.springframework.boot.test.context.SpringBootTestContextBootstrapper - Skipping candidate TestExecutionListener [org.springframework.test.context.jdbc.SqlScriptsTestExecutionListener] due to a missing dependency. Specify custom listener classes or make the default listener classes and their required dependencies available. Offending class: [org/springframework/transaction/interceptor/TransactionAttribute]
17:05:29.359 [Test worker] INFO org.springframework.boot.test.context.SpringBootTestContextBootstrapper - Using TestExecutionListeners: [org.springframework.test.context.web.ServletTestExecutionListener@7cf64e12, org.springframework.test.context.support.DirtiesContextBeforeModesTestExecutionListener@714d495b, org.springframework.boot.test.mock.mockito.MockitoTestExecutionListener@62f1636e, org.springframework.boot.test.autoconfigure.SpringBootDependencyInjectionTestExecutionListener@207bb851, org.springframework.test.context.support.DirtiesContextTestExecutionListener@6e33e492, org.springframework.test.context.event.EventPublishingTestExecutionListener@75af6f9e, org.springframework.boot.test.autoconfigure.restdocs.RestDocsTestExecutionListener@1cac9856, org.springframework.boot.test.autoconfigure.web.client.MockRestServiceServerResetTestExecutionListener@61e802a2, org.springframework.boot.test.autoconfigure.web.servlet.MockMvcPrintOnlyOnFailureTestExecutionListener@108e6d79, org.springframework.boot.test.autoconfigure.web.servlet.WebDriverTestExecutionListener@1e532369, org.springframework.boot.test.mock.mockito.ResetMocksTestExecutionListener@66c566dd]
17:05:29.362 [Test worker] DEBUG org.springframework.test.context.support.AbstractDirtiesContextTestExecutionListener - Before test class: context [DefaultTestContext@5d354891 testClass = PhoneControllerTests, testInstance = [null], testMethod = [null], testException = [null], mergedContextConfiguration = [WebMergedContextConfiguration@3428ed60 testClass = PhoneControllerTests, locations = '{}', classes = '{class com.example.phonegenerator.RestServiceApplication}', contextInitializerClasses = '[]', activeProfiles = '{}', propertySourceLocations = '{}', propertySourceProperties = '{org.springframework.boot.test.context.SpringBootTestContextBootstrapper=true}', contextCustomizers = set[org.springframework.boot.test.autoconfigure.properties.PropertyMappingContextCustomizer@4b3fa0b3, org.springframework.boot.test.autoconfigure.web.servlet.WebDriverContextCustomizerFactory$Customizer@6b4eadc, [ImportsContextCustomizer@4ad38421 key = [org.springframework.boot.test.autoconfigure.web.servlet.MockMvcAutoConfiguration, org.springframework.boot.test.autoconfigure.web.servlet.MockMvcWebClientAutoConfiguration, org.springframework.boot.test.autoconfigure.web.servlet.MockMvcWebDriverAutoConfiguration, org.springframework.boot.autoconfigure.security.servlet.SecurityAutoConfiguration, org.springframework.boot.autoconfigure.security.servlet.UserDetailsServiceAutoConfiguration, org.springframework.boot.test.autoconfigure.web.servlet.MockMvcSecurityConfiguration]], org.springframework.boot.test.context.filter.ExcludeFilterContextCustomizer@5328ac84, org.springframework.boot.test.json.DuplicateJsonObjectContextCustomizerFactory$DuplicateJsonObjectContextCustomizer@70634b01, org.springframework.boot.test.mock.mockito.MockitoContextCustomizer@0, org.springframework.boot.test.web.client.TestRestTemplateContextCustomizer@9d1791e], resourceBasePath = 'src/main/webapp', contextLoader = 'org.springframework.boot.test.context.SpringBootContextLoader', parent = [null]], attributes = map['org.springframework.test.context.web.ServletTestExecutionListener.activateListener' -> true]], class annotated with @DirtiesContext [false] with mode [null].
17:05:29.382 [Test worker] DEBUG org.springframework.test.context.support.TestPropertySourceUtils - Adding inlined properties to environment: {spring.jmx.enabled=false, org.springframework.boot.test.context.SpringBootTestContextBootstrapper=true, server.port=-1}

  .   ____          _            __ _ _
 /\\ / ___'_ __ _ _(_)_ __  __ _ \ \ \ \
( ( )\___ | '_ | '_| | '_ \/ _` | \ \ \ \
 \\/  ___)| |_)| | | | | || (_| |  ) ) ) )
  '  |____| .__|_| |_|_| |_\__, | / / / /
 =========|_|==============|___/=/_/_/_/
 :: Spring Boot ::        (v2.2.0.RELEASE)

2020-02-09 17:05:29.535  INFO 12424 --- [    Test worker] c.e.phonegenerator.PhoneControllerTests  : Starting PhoneControllerTests on rooted with PID 12424 (started by rooted in /home/rooted/gs-rest-service/complete)
2020-02-09 17:05:29.536  INFO 12424 --- [    Test worker] c.e.phonegenerator.PhoneControllerTests  : No active profile set, falling back to default profiles: default
2020-02-09 17:05:30.487  INFO 12424 --- [    Test worker] o.s.s.concurrent.ThreadPoolTaskExecutor  : Initializing ExecutorService 'applicationTaskExecutor'
2020-02-09 17:05:30.672  INFO 12424 --- [    Test worker] o.s.b.t.m.w.SpringBootMockServletContext : Initializing Spring TestDispatcherServlet ''
2020-02-09 17:05:30.672  INFO 12424 --- [    Test worker] o.s.t.web.servlet.TestDispatcherServlet  : Initializing Servlet ''
2020-02-09 17:05:30.681  INFO 12424 --- [    Test worker] o.s.t.web.servlet.TestDispatcherServlet  : Completed initialization in 9 ms
2020-02-09 17:05:30.697  INFO 12424 --- [    Test worker] c.e.phonegenerator.PhoneControllerTests  : Started PhoneControllerTests in 1.309 seconds (JVM running for 2.159)
2020-02-09 17:05:31.043  WARN 12424 --- [    Test worker] .w.s.m.s.DefaultHandlerExceptionResolver : Resolved [org.springframework.web.bind.MissingServletRequestParameterException: Required String parameter 'number' is not present]
]]></system-out>
  <system-err><![CDATA[]]></system-err>
</testsuite>
