<?xml version="1.0" encoding="UTF-8"?>
<testsuite name="com.example.phonegenerator.PhoneOrchestratorTests" tests="2" skipped="0" failures="0" errors="0" timestamp="2020-02-09T22:05:31" hostname="rooted" time="0.021">
  <properties/>
  <testcase name="validPhoneWithAreaCode()" classname="com.example.phonegenerator.PhoneOrchestratorTests" time="0.018"/>
  <testcase name="validPhoneWithoutAreaCode()" classname="com.example.phonegenerator.PhoneOrchestratorTests" time="0.003"/>
  <system-out><![CDATA[2020-02-09 17:05:31.060  INFO 12424 --- [    Test worker] .b.t.c.SpringBootTestContextBootstrapper : Neither @ContextConfiguration nor @ContextHierarchy found for test class [com.example.phonegenerator.PhoneOrchestratorTests], using SpringBootContextLoader
2020-02-09 17:05:31.061  INFO 12424 --- [    Test worker] o.s.t.c.support.AbstractContextLoader    : Could not detect default resource locations for test class [com.example.phonegenerator.PhoneOrchestratorTests]: no resource found for suffixes {-context.xml, Context.groovy}.
2020-02-09 17:05:31.061  INFO 12424 --- [    Test worker] t.c.s.AnnotationConfigContextLoaderUtils : Could not detect default configuration classes for test class [com.example.phonegenerator.PhoneOrchestratorTests]: PhoneOrchestratorTests does not declare any static, non-private, non-final, nested classes annotated with @Configuration.
2020-02-09 17:05:31.062  INFO 12424 --- [    Test worker] .b.t.c.SpringBootTestContextBootstrapper : Found @SpringBootConfiguration com.example.phonegenerator.RestServiceApplication for test class com.example.phonegenerator.PhoneOrchestratorTests
2020-02-09 17:05:31.064  INFO 12424 --- [    Test worker] .b.t.c.SpringBootTestContextBootstrapper : Loaded default TestExecutionListener class names from location [META-INF/spring.factories]: [org.springframework.boot.test.autoconfigure.restdocs.RestDocsTestExecutionListener, org.springframework.boot.test.autoconfigure.web.client.MockRestServiceServerResetTestExecutionListener, org.springframework.boot.test.autoconfigure.web.servlet.MockMvcPrintOnlyOnFailureTestExecutionListener, org.springframework.boot.test.autoconfigure.web.servlet.WebDriverTestExecutionListener, org.springframework.boot.test.mock.mockito.MockitoTestExecutionListener, org.springframework.boot.test.mock.mockito.ResetMocksTestExecutionListener, org.springframework.test.context.web.ServletTestExecutionListener, org.springframework.test.context.support.DirtiesContextBeforeModesTestExecutionListener, org.springframework.test.context.support.DependencyInjectionTestExecutionListener, org.springframework.test.context.support.DirtiesContextTestExecutionListener, org.springframework.test.context.transaction.TransactionalTestExecutionListener, org.springframework.test.context.jdbc.SqlScriptsTestExecutionListener, org.springframework.test.context.event.EventPublishingTestExecutionListener]
2020-02-09 17:05:31.065  INFO 12424 --- [    Test worker] .b.t.c.SpringBootTestContextBootstrapper : Using TestExecutionListeners: [org.springframework.test.context.web.ServletTestExecutionListener@31881b0a, org.springframework.test.context.support.DirtiesContextBeforeModesTestExecutionListener@2911a61d, org.springframework.boot.test.mock.mockito.MockitoTestExecutionListener@c9b953e, org.springframework.boot.test.autoconfigure.SpringBootDependencyInjectionTestExecutionListener@52d94c62, org.springframework.test.context.support.DirtiesContextTestExecutionListener@23784d78, org.springframework.test.context.event.EventPublishingTestExecutionListener@7fd2644, org.springframework.boot.test.autoconfigure.restdocs.RestDocsTestExecutionListener@579f61e0, org.springframework.boot.test.autoconfigure.web.client.MockRestServiceServerResetTestExecutionListener@4f3d9d2d, org.springframework.boot.test.autoconfigure.web.servlet.MockMvcPrintOnlyOnFailureTestExecutionListener@2ecf1a3f, org.springframework.boot.test.autoconfigure.web.servlet.WebDriverTestExecutionListener@406ed6a4, org.springframework.boot.test.mock.mockito.ResetMocksTestExecutionListener@6cd22f28]

  .   ____          _            __ _ _
 /\\ / ___'_ __ _ _(_)_ __  __ _ \ \ \ \
( ( )\___ | '_ | '_| | '_ \/ _` | \ \ \ \
 \\/  ___)| |_)| | | | | || (_| |  ) ) ) )
  '  |____| .__|_| |_|_| |_\__, | / / / /
 =========|_|==============|___/=/_/_/_/
 :: Spring Boot ::        (v2.2.0.RELEASE)

2020-02-09 17:05:31.086  INFO 12424 --- [    Test worker] c.e.p.PhoneOrchestratorTests             : Starting PhoneOrchestratorTests on rooted with PID 12424 (started by rooted in /home/rooted/gs-rest-service/complete)
2020-02-09 17:05:31.086  INFO 12424 --- [    Test worker] c.e.p.PhoneOrchestratorTests             : No active profile set, falling back to default profiles: default
2020-02-09 17:05:31.417  INFO 12424 --- [    Test worker] o.s.s.concurrent.ThreadPoolTaskExecutor  : Initializing ExecutorService 'applicationTaskExecutor'
2020-02-09 17:05:31.519  INFO 12424 --- [    Test worker] c.e.p.PhoneOrchestratorTests             : Started PhoneOrchestratorTests in 0.452 seconds (JVM running for 2.981)
]]></system-out>
  <system-err><![CDATA[]]></system-err>
</testsuite>
